  [1m[36m (1.3ms)[0m  [1mCREATE TABLE "schema_migrations" ("version" varchar NOT NULL) [0m
  [1m[35m (0.0ms)[0m  select sqlite_version(*)
  [1m[36m (1.1ms)[0m  [1mCREATE UNIQUE INDEX "unique_schema_migrations" ON "schema_migrations" ("version")[0m
  [1m[35mActiveRecord::SchemaMigration Load (0.1ms)[0m  SELECT "schema_migrations".* FROM "schema_migrations"
Started GET "/" for ::1 at 2020-05-27 19:14:00 -0400
  [1m[36mActiveRecord::SchemaMigration Load (1.3ms)[0m  [1m[34mSELECT "schema_migrations".* FROM "schema_migrations"[0m
  
ActiveRecord::PendingMigrationError (

Migrations are pending. To resolve this issue, run:

        bin/rails db:migrate RAILS_ENV=development

):
  
activerecord (5.0.7.2) lib/active_record/migration.rb:573:in `check_pending!'
activerecord (5.0.7.2) lib/active_record/migration.rb:549:in `call'
actionpack (5.0.7.2) lib/action_dispatch/middleware/callbacks.rb:38:in `block in call'
activesupport (5.0.7.2) lib/active_support/callbacks.rb:97:in `__run_callbacks__'
activesupport (5.0.7.2) lib/active_support/callbacks.rb:750:in `_run_call_callbacks'
activesupport (5.0.7.2) lib/active_support/callbacks.rb:90:in `run_callbacks'
actionpack (5.0.7.2) lib/action_dispatch/middleware/callbacks.rb:36:in `call'
actionpack (5.0.7.2) lib/action_dispatch/middleware/executor.rb:12:in `call'
actionpack (5.0.7.2) lib/action_dispatch/middleware/remote_ip.rb:79:in `call'
actionpack (5.0.7.2) lib/action_dispatch/middleware/debug_exceptions.rb:49:in `call'
web-console (2.3.0) lib/web_console/middleware.rb:28:in `block in call'
web-console (2.3.0) lib/web_console/middleware.rb:18:in `catch'
web-console (2.3.0) lib/web_console/middleware.rb:18:in `call'
actionpack (5.0.7.2) lib/action_dispatch/middleware/show_exceptions.rb:31:in `call'
railties (5.0.7.2) lib/rails/rack/logger.rb:36:in `call_app'
railties (5.0.7.2) lib/rails/rack/logger.rb:24:in `block in call'
activesupport (5.0.7.2) lib/active_support/tagged_logging.rb:69:in `block in tagged'
activesupport (5.0.7.2) lib/active_support/tagged_logging.rb:26:in `tagged'
activesupport (5.0.7.2) lib/active_support/tagged_logging.rb:69:in `tagged'
railties (5.0.7.2) lib/rails/rack/logger.rb:24:in `call'
sprockets-rails (3.2.1) lib/sprockets/rails/quiet_assets.rb:13:in `call'
actionpack (5.0.7.2) lib/action_dispatch/middleware/request_id.rb:24:in `call'
rack (2.0.7) lib/rack/method_override.rb:22:in `call'
rack (2.0.7) lib/rack/runtime.rb:22:in `call'
activesupport (5.0.7.2) lib/active_support/cache/strategy/local_cache_middleware.rb:28:in `call'
actionpack (5.0.7.2) lib/action_dispatch/middleware/executor.rb:12:in `call'
actionpack (5.0.7.2) lib/action_dispatch/middleware/static.rb:136:in `call'
rack (2.0.7) lib/rack/sendfile.rb:111:in `call'
railties (5.0.7.2) lib/rails/engine.rb:522:in `call'
rack (2.0.7) lib/rack/handler/webrick.rb:86:in `service'
/Users/wiel/.rvm/rubies/ruby-2.6.1/lib/ruby/2.6.0/webrick/httpserver.rb:140:in `service'
/Users/wiel/.rvm/rubies/ruby-2.6.1/lib/ruby/2.6.0/webrick/httpserver.rb:96:in `run'
/Users/wiel/.rvm/rubies/ruby-2.6.1/lib/ruby/2.6.0/webrick/server.rb:307:in `block in start_thread'
  Rendering /Users/wiel/.rvm/gems/ruby-2.6.1/gems/actionpack-5.0.7.2/lib/action_dispatch/middleware/templates/rescues/diagnostics.html.erb within rescues/layout
  Rendering /Users/wiel/.rvm/gems/ruby-2.6.1/gems/actionpack-5.0.7.2/lib/action_dispatch/middleware/templates/rescues/_source.html.erb
  Rendered /Users/wiel/.rvm/gems/ruby-2.6.1/gems/actionpack-5.0.7.2/lib/action_dispatch/middleware/templates/rescues/_source.html.erb (2.1ms)
  Rendering /Users/wiel/.rvm/gems/ruby-2.6.1/gems/actionpack-5.0.7.2/lib/action_dispatch/middleware/templates/rescues/_trace.html.erb
  Rendered /Users/wiel/.rvm/gems/ruby-2.6.1/gems/actionpack-5.0.7.2/lib/action_dispatch/middleware/templates/rescues/_trace.html.erb (17.4ms)
  Rendering /Users/wiel/.rvm/gems/ruby-2.6.1/gems/actionpack-5.0.7.2/lib/action_dispatch/middleware/templates/rescues/_request_and_response.html.erb
  Rendered /Users/wiel/.rvm/gems/ruby-2.6.1/gems/actionpack-5.0.7.2/lib/action_dispatch/middleware/templates/rescues/_request_and_response.html.erb (1.3ms)
  Rendered /Users/wiel/.rvm/gems/ruby-2.6.1/gems/actionpack-5.0.7.2/lib/action_dispatch/middleware/templates/rescues/diagnostics.html.erb within rescues/layout (98.3ms)
DEPRECATION WARNING: Accessing mime types via constants is deprecated. Please change `Mime::HTML` to `Mime[:html]`. (called from acceptable_content_type? at /Users/wiel/.rvm/gems/ruby-2.6.1/gems/web-console-2.3.0/lib/web_console/middleware.rb:58)
  Rendering /Users/wiel/.rvm/gems/ruby-2.6.1/gems/web-console-2.3.0/lib/web_console/templates/index.html.erb
  Rendered /Users/wiel/.rvm/gems/ruby-2.6.1/gems/web-console-2.3.0/lib/web_console/templates/_markup.html.erb (0.4ms)
  Rendering /Users/wiel/.rvm/gems/ruby-2.6.1/gems/web-console-2.3.0/lib/web_console/templates/console.js.erb within layouts/javascript
  Rendering /Users/wiel/.rvm/gems/ruby-2.6.1/gems/web-console-2.3.0/lib/web_console/templates/_inner_console_markup.html.erb within layouts/inlined_string
  Rendered /Users/wiel/.rvm/gems/ruby-2.6.1/gems/web-console-2.3.0/lib/web_console/templates/_inner_console_markup.html.erb within layouts/inlined_string (32.1ms)
  Rendering /Users/wiel/.rvm/gems/ruby-2.6.1/gems/web-console-2.3.0/lib/web_console/templates/_prompt_box_markup.html.erb within layouts/inlined_string
  Rendered /Users/wiel/.rvm/gems/ruby-2.6.1/gems/web-console-2.3.0/lib/web_console/templates/_prompt_box_markup.html.erb within layouts/inlined_string (1.2ms)
  Rendering /Users/wiel/.rvm/gems/ruby-2.6.1/gems/web-console-2.3.0/lib/web_console/templates/style.css.erb within layouts/inlined_string
  Rendered /Users/wiel/.rvm/gems/ruby-2.6.1/gems/web-console-2.3.0/lib/web_console/templates/style.css.erb within layouts/inlined_string (0.8ms)
DEPRECATION WARNING: Accessing mime types via constants is deprecated. Please change `Mime::WEB_CONSOLE_V2` to `Mime[:web_console_v2]`. (called from ___sers_wiel__rvm_gems_ruby_______gems_web_console_______lib_web_console_templates_console_js_erb___1852738008350243783_70154618324640 at /Users/wiel/.rvm/gems/ruby-2.6.1/gems/web-console-2.3.0/lib/web_console/templates/console.js.erb:491)
  Rendered /Users/wiel/.rvm/gems/ruby-2.6.1/gems/web-console-2.3.0/lib/web_console/templates/console.js.erb within layouts/javascript (328.9ms)
  Rendering /Users/wiel/.rvm/gems/ruby-2.6.1/gems/web-console-2.3.0/lib/web_console/templates/main.js.erb within layouts/javascript
  Rendered /Users/wiel/.rvm/gems/ruby-2.6.1/gems/web-console-2.3.0/lib/web_console/templates/main.js.erb within layouts/javascript (0.4ms)
  Rendering /Users/wiel/.rvm/gems/ruby-2.6.1/gems/web-console-2.3.0/lib/web_console/templates/error_page.js.erb within layouts/javascript
  Rendered /Users/wiel/.rvm/gems/ruby-2.6.1/gems/web-console-2.3.0/lib/web_console/templates/error_page.js.erb within layouts/javascript (0.9ms)
  Rendered /Users/wiel/.rvm/gems/ruby-2.6.1/gems/web-console-2.3.0/lib/web_console/templates/index.html.erb (487.9ms)
  [1m[35m (9.3ms)[0m  [1m[35mCREATE TABLE "ar_internal_metadata" ("key" varchar NOT NULL PRIMARY KEY, "value" varchar, "created_at" datetime NOT NULL, "updated_at" datetime NOT NULL)[0m
  [1m[36mActiveRecord::SchemaMigration Load (0.2ms)[0m  [1m[34mSELECT "schema_migrations".* FROM "schema_migrations"[0m
Migrating to CreateArticles (20200527231210)
  [1m[35m (0.1ms)[0m  [1m[36mbegin transaction[0m
  [1m[35m (0.7ms)[0m  [1m[35mCREATE TABLE "articles" ("id" INTEGER PRIMARY KEY AUTOINCREMENT NOT NULL, "title" varchar, "body" text, "created_at" datetime NOT NULL, "updated_at" datetime NOT NULL)[0m
  [1m[35mSQL (0.3ms)[0m  [1m[32mINSERT INTO "schema_migrations" ("version") VALUES (?)[0m  [["version", "20200527231210"]]
  [1m[35m (6.0ms)[0m  [1m[36mcommit transaction[0m
  [1m[36mActiveRecord::InternalMetadata Load (0.3ms)[0m  [1m[34mSELECT  "ar_internal_metadata".* FROM "ar_internal_metadata" WHERE "ar_internal_metadata"."key" = ? LIMIT ?[0m  [["key", "environment"], ["LIMIT", 1]]
  [1m[35m (0.2ms)[0m  [1m[36mbegin transaction[0m
  [1m[35mSQL (6.5ms)[0m  [1m[32mINSERT INTO "ar_internal_metadata" ("key", "value", "created_at", "updated_at") VALUES (?, ?, ?, ?)[0m  [["key", "environment"], ["value", "development"], ["created_at", "2020-05-27 23:14:21.509289"], ["updated_at", "2020-05-27 23:14:21.509289"]]
  [1m[35m (5.4ms)[0m  [1m[36mcommit transaction[0m
  [1m[36mActiveRecord::SchemaMigration Load (0.2ms)[0m  [1m[34mSELECT "schema_migrations".* FROM "schema_migrations"[0m
Started GET "/" for ::1 at 2020-05-27 19:14:51 -0400
  [1m[36mActiveRecord::SchemaMigration Load (0.2ms)[0m  [1m[34mSELECT "schema_migrations".* FROM "schema_migrations"[0m
Processing by Rails::WelcomeController#index as HTML
  Parameters: {"internal"=>true}
  Rendering /Users/wiel/.rvm/gems/ruby-2.6.1/gems/railties-5.0.7.2/lib/rails/templates/rails/welcome/index.html.erb
  Rendered /Users/wiel/.rvm/gems/ruby-2.6.1/gems/railties-5.0.7.2/lib/rails/templates/rails/welcome/index.html.erb (27.7ms)
Completed 200 OK in 102ms (Views: 58.1ms | ActiveRecord: 0.0ms)


Started GET "/articles" for ::1 at 2020-05-27 19:14:56 -0400
Processing by ArticlesController#index as HTML
  Rendering articles/index.html.erb within layouts/application
  [1m[36mArticle Load (0.4ms)[0m  [1m[34mSELECT "articles".* FROM "articles"[0m
  Rendered articles/index.html.erb within layouts/application (94.5ms)
Completed 200 OK in 1608ms (Views: 1584.7ms | ActiveRecord: 1.4ms)


Started GET "/articles/new" for ::1 at 2020-05-27 19:15:04 -0400
Processing by ArticlesController#new as HTML
  Rendering articles/new.html.erb within layouts/application
  Rendered articles/_form.html.erb (95.5ms)
  Rendered articles/new.html.erb within layouts/application (104.0ms)
Completed 200 OK in 245ms (Views: 197.2ms | ActiveRecord: 0.4ms)


Started GET "/articles" for ::1 at 2020-05-27 19:15:06 -0400
Processing by ArticlesController#index as HTML
  Rendering articles/index.html.erb within layouts/application
  [1m[36mArticle Load (0.5ms)[0m  [1m[34mSELECT "articles".* FROM "articles"[0m
  Rendered articles/index.html.erb within layouts/application (5.8ms)
Completed 200 OK in 88ms (Views: 83.6ms | ActiveRecord: 0.5ms)


Started GET "/articles/new" for ::1 at 2020-05-27 19:15:07 -0400
Processing by ArticlesController#new as HTML
  Rendering articles/new.html.erb within layouts/application
  Rendered articles/_form.html.erb (4.7ms)
  Rendered articles/new.html.erb within layouts/application (13.0ms)
Completed 200 OK in 96ms (Views: 93.3ms | ActiveRecord: 0.0ms)


Started GET "/articles" for ::1 at 2020-05-27 19:15:09 -0400
Processing by ArticlesController#index as HTML
  Rendering articles/index.html.erb within layouts/application
  [1m[36mArticle Load (0.2ms)[0m  [1m[34mSELECT "articles".* FROM "articles"[0m
  Rendered articles/index.html.erb within layouts/application (1.5ms)
Completed 200 OK in 59ms (Views: 53.3ms | ActiveRecord: 0.2ms)


Started GET "/articles/new" for ::1 at 2020-05-27 19:15:17 -0400
Processing by ArticlesController#new as HTML
  Rendering articles/new.html.erb within layouts/application
  Rendered articles/_form.html.erb (7.9ms)
  Rendered articles/new.html.erb within layouts/application (10.0ms)
Completed 200 OK in 83ms (Views: 80.5ms | ActiveRecord: 0.0ms)


Started POST "/articles" for ::1 at 2020-05-27 19:15:36 -0400
Processing by ArticlesController#create as HTML
  Parameters: {"utf8"=>"✓", "authenticity_token"=>"IbbrOyllvzpUi1QfDJ2903Wq8Fko5Ff6e4d3lVUwR5zqeTe8oGyhMpvos8o5xZRNC9NE15fwj5GiNhVg9lB6tw==", "article"=>{"title"=>"WielFried Zuantcha ", "body"=>"Software student\r\n"}, "commit"=>"Create Article"}
  [1m[35m (0.1ms)[0m  [1m[36mbegin transaction[0m
  [1m[35mSQL (0.9ms)[0m  [1m[32mINSERT INTO "articles" ("title", "body", "created_at", "updated_at") VALUES (?, ?, ?, ?)[0m  [["title", "WielFried Zuantcha "], ["body", "Software student\r\n"], ["created_at", "2020-05-27 23:15:36.404110"], ["updated_at", "2020-05-27 23:15:36.404110"]]
  [1m[35m (10.1ms)[0m  [1m[36mcommit transaction[0m
Redirected to http://localhost:3000/articles/1
Completed 302 Found in 28ms (ActiveRecord: 11.1ms)


Started GET "/articles/1" for ::1 at 2020-05-27 19:15:36 -0400
Processing by ArticlesController#show as HTML
  Parameters: {"id"=>"1"}
  [1m[36mArticle Load (3.3ms)[0m  [1m[34mSELECT  "articles".* FROM "articles" WHERE "articles"."id" = ? LIMIT ?[0m  [["id", 1], ["LIMIT", 1]]
  Rendering articles/show.html.erb within layouts/application
  Rendered articles/show.html.erb within layouts/application (1.8ms)
Completed 200 OK in 129ms (Views: 102.7ms | ActiveRecord: 3.3ms)


Started GET "/articles" for ::1 at 2020-05-27 19:16:24 -0400
Processing by ArticlesController#index as HTML
  Rendering articles/index.html.erb within layouts/application
  [1m[36mArticle Load (0.2ms)[0m  [1m[34mSELECT "articles".* FROM "articles"[0m
  Rendered articles/index.html.erb within layouts/application (2.2ms)
Completed 200 OK in 74ms (Views: 71.5ms | ActiveRecord: 0.2ms)


Started GET "/articles/1/edit" for ::1 at 2020-05-27 19:16:29 -0400
Processing by ArticlesController#edit as HTML
  Parameters: {"id"=>"1"}
  [1m[36mArticle Load (0.1ms)[0m  [1m[34mSELECT  "articles".* FROM "articles" WHERE "articles"."id" = ? LIMIT ?[0m  [["id", 1], ["LIMIT", 1]]
  Rendering articles/edit.html.erb within layouts/application
  Rendered articles/_form.html.erb (13.1ms)
  Rendered articles/edit.html.erb within layouts/application (18.0ms)
Completed 200 OK in 78ms (Views: 73.1ms | ActiveRecord: 0.1ms)


Started PATCH "/articles/1" for ::1 at 2020-05-27 19:16:30 -0400
Processing by ArticlesController#update as HTML
  Parameters: {"utf8"=>"✓", "authenticity_token"=>"/+8FFSVzz0W3KY417lymFqW+XnlDE4vwHo+Z43vthLk0INmSrHrRTXhKaeDbBI+I28fq9/wHU5vHPvsW2I25kg==", "article"=>{"title"=>"WielFried Zuantcha ", "body"=>"Software student\r\n"}, "commit"=>"Update Article", "id"=>"1"}
  [1m[36mArticle Load (0.3ms)[0m  [1m[34mSELECT  "articles".* FROM "articles" WHERE "articles"."id" = ? LIMIT ?[0m  [["id", 1], ["LIMIT", 1]]
  [1m[35m (0.3ms)[0m  [1m[36mbegin transaction[0m
  [1m[35m (0.1ms)[0m  [1m[36mcommit transaction[0m
Redirected to http://localhost:3000/articles/1
Completed 302 Found in 8ms (ActiveRecord: 0.6ms)


Started GET "/articles/1" for ::1 at 2020-05-27 19:16:30 -0400
Processing by ArticlesController#show as HTML
  Parameters: {"id"=>"1"}
  [1m[36mArticle Load (0.1ms)[0m  [1m[34mSELECT  "articles".* FROM "articles" WHERE "articles"."id" = ? LIMIT ?[0m  [["id", 1], ["LIMIT", 1]]
  Rendering articles/show.html.erb within layouts/application
  Rendered articles/show.html.erb within layouts/application (1.2ms)
Completed 200 OK in 95ms (Views: 91.1ms | ActiveRecord: 0.1ms)


Started GET "/articles/1/edit" for ::1 at 2020-05-27 19:16:33 -0400
Processing by ArticlesController#edit as HTML
  Parameters: {"id"=>"1"}
  [1m[36mArticle Load (0.1ms)[0m  [1m[34mSELECT  "articles".* FROM "articles" WHERE "articles"."id" = ? LIMIT ?[0m  [["id", 1], ["LIMIT", 1]]
  Rendering articles/edit.html.erb within layouts/application
  Rendered articles/_form.html.erb (4.6ms)
  Rendered articles/edit.html.erb within layouts/application (14.6ms)
Completed 200 OK in 53ms (Views: 50.5ms | ActiveRecord: 0.1ms)


Started GET "/articles" for ::1 at 2020-05-27 19:16:36 -0400
Processing by ArticlesController#index as HTML
  Rendering articles/index.html.erb within layouts/application
  [1m[36mArticle Load (0.5ms)[0m  [1m[34mSELECT "articles".* FROM "articles"[0m
  Rendered articles/index.html.erb within layouts/application (3.2ms)
Completed 200 OK in 52ms (Views: 43.9ms | ActiveRecord: 0.5ms)


